-------------------------------------------------------------------------------
Test set: ec.edu.epn.CalculatorTest
-------------------------------------------------------------------------------
Tests run: 1, Failures: 1, Errors: 0, Skipped: 0, Time elapsed: 0.142 s <<< FAILURE! -- in ec.edu.epn.CalculatorTest
ec.edu.epn.CalculatorTest.add_TwoPositiveNumbers_ReturnsCorrectSum -- Time elapsed: 0.068 s <<< FAILURE!
org.opentest4j.AssertionFailedError: expected: <7> but was: <9>
	at org.junit.jupiter.api.AssertionFailureBuilder.build(AssertionFailureBuilder.java:151)
	at org.junit.jupiter.api.AssertionFailureBuilder.buildAndThrow(AssertionFailureBuilder.java:132)
	at org.junit.jupiter.api.AssertEquals.failNotEqual(AssertEquals.java:197)
	at org.junit.jupiter.api.AssertEquals.assertEquals(AssertEquals.java:150)
	at org.junit.jupiter.api.AssertEquals.assertEquals(AssertEquals.java:145)
	at org.junit.jupiter.api.Assertions.assertEquals(Assertions.java:531)
	at ec.edu.epn.CalculatorTest.add_TwoPositiveNumbers_ReturnsCorrectSum(CalculatorTest.java:20)
	at java.base/java.lang.reflect.Method.invoke(Method.java:565)
	at java.base/java.util.ArrayList.forEach(ArrayList.java:1604)
	at java.base/java.util.ArrayList.forEach(ArrayList.java:1604)

